app/build/outputs/logs/manifest-merger-debug-report.txt
-- Merging decision tree log ---
manifest
ADDED from src/main/AndroidManifest.xml:7:1-176:12
INJECTED from src/main/AndroidManifest.xml:7:1-176:12
INJECTED from src/main/AndroidManifest.xml:7:1-176:12
INJECTED from src/main/AndroidManifest.xml:7:1-176:12
MERGED from [com.twitter.sdk.android:twitter:2.3.0] AndroidManifest.xml:18:1-27:12
MERGED from [com.google.android.gms:play-services-auth:11.0.2] AndroidManifest.xml:16:1-26:12
MERGED from [com.android.support:design:26.0.0] AndroidManifest.xml:17:1-31:12
MERGED from [com.firebaseui:firebase-ui-storage:0.6.0] AndroidManifest.xml:2:1-11:12
MERGED from [com.tuyenmonkey:mkloader:1.3.0] AndroidManifest.xml:2:1-12:12
MERGED from [com.theartofdev.edmodo:android-image-cropper:2.6.0] AndroidManifest.xml:2:1-12:12
MERGED from [com.hbb20:ccp:1.7.1] AndroidManifest.xml:2:1-17:12
MERGED from [com.github.badoualy:stepper-indicator:1.0.6] AndroidManifest.xml:2:1-14:12
MERGED from [com.github.devlight:infinitecycleviewpager:1.0.2] AndroidManifest.xml:2:1-11:12
MERGED from [com.facebook.android:facebook-android-sdk:4.42.0] AndroidManifest.xml:21:1-31:12
MERGED from [com.facebook.android:facebook-login:4.42.0] AndroidManifest.xml:21:1-31:12
MERGED from [com.facebook.android:facebook-share:4.42.0] AndroidManifest.xml:21:1-31:12
MERGED from [com.facebook.android:facebook-common:4.42.0] AndroidManifest.xml:21:1-37:12
MERGED from [com.github.f0ris.sweetalert:library:1.5.2] AndroidManifest.xml:2:1-13:12
MERGED from [com.pnikosis:materialish-progress:1.0] AndroidManifest.xml:2:1-17:12
MERGED from [com.android.support:appcompat-v7:27.1.1] AndroidManifest.xml:17:1-22:12
MERGED from [com.android.support:recyclerview-v7:26.0.0] AndroidManifest.xml:17:1-28:12
MERGED from [com.twitter.sdk.android:tweet-ui:2.3.0] AndroidManifest.xml:18:1-37:12
MERGED from [com.google.firebase:firebase-messaging:11.0.2] AndroidManifest.xml:16:1-30:12
MERGED from [com.google.firebase:firebase-auth:11.0.2] AndroidManifest.xml:16:1-21:12
MERGED from [com.google.firebase:firebase-database:11.0.2] AndroidManifest.xml:2:1-4:12
MERGED from [com.google.android.gms:play-services-auth-base:11.0.2] AndroidManifest.xml:2:1-5:12
MERGED from [com.google.android.gms:play-services-base:11.0.2] AndroidManifest.xml:16:1-21:12
MERGED from [com.google.firebase:firebase-core:11.0.2] AndroidManifest.xml:2:1-6:12
MERGED from [com.google.firebase:firebase-analytics:11.0.2] AndroidManifest.xml:16:1-35:12
MERGED from [com.google.firebase:firebase-analytics-impl:11.0.2] AndroidManifest.xml:16:1-29:12
MERGED from [com.google.firebase:firebase-iid:11.0.2] AndroidManifest.xml:16:1-50:12
MERGED from [com.google.firebase:firebase-database-connection:11.0.2] AndroidManifest.xml:2:1-4:12
MERGED from [com.google.firebase:firebase-storage:11.0.2] AndroidManifest.xml:2:1-4:12
MERGED from [com.google.firebase:firebase-common:11.0.2] AndroidManifest.xml:2:1-8:12
MERGED from [com.google.android.gms:play-services-tasks:11.0.2] AndroidManifest.xml:2:1-5:12
MERGED from [com.google.firebase:firebase-storage-common:11.0.2] AndroidManifest.xml:2:1-4:12
MERGED from [com.google.android.gms:play-services-basement:11.0.2] AndroidManifest.xml:16:1-23:12
MERGED from [com.android.support:transition:26.0.0] AndroidManifest.xml:17:1-28:12
MERGED from [com.android.support:palette-v7:23.4.0] AndroidManifest.xml:17:1-25:12
MERGED from [com.android.support:support-v4:27.0.2] AndroidManifest.xml:17:1-22:12
MERGED from [com.android.support:cardview-v7:27.0.2] AndroidManifest.xml:17:1-22:12
MERGED from [com.twitter.sdk.android:tweet-composer:2.3.0] AndroidManifest.xml:18:1-39:12
MERGED from [com.android.support.constraint:constraint-layout:1.0.2] AndroidManifest.xml:2:1-11:12
MERGED from [com.daimajia.swipelayout:library:1.2.0] AndroidManifest.xml:2:1-10:12
MERGED from [com.twitter.sdk.android:twitter-core:2.3.0] AndroidManifest.xml:18:1-42:12
MERGED from [com.makeramen:roundedimageview:2.3.0] AndroidManifest.xml:2:1-9:12
MERGED from [com.android.support:multidex:1.0.2] AndroidManifest.xml:17:1-22:12
MERGED from [io.fabric.sdk.android:fabric:1.3.14] AndroidManifest.xml:18:1-29:12
MERGED from [com.facebook.android:facebook-places:4.42.0] AndroidManifest.xml:21:1-31:12
MERGED from [com.facebook.android:facebook-applinks:4.42.0] AndroidManifest.xml:21:1-31:12
MERGED from [com.facebook.android:facebook-messenger:4.42.0] AndroidManifest.xml:21:1-31:12
MERGED from [com.facebook.android:facebook-core:4.42.0] AndroidManifest.xml:21:1-53:12
MERGED from [com.android.support:exifinterface:27.1.1] AndroidManifest.xml:17:1-22:12
MERGED from [com.android.support:customtabs:27.0.2] AndroidManifest.xml:17:1-22:12
MERGED from [com.android.support:support-fragment:27.1.1] AndroidManifest.xml:17:1-22:12
MERGED from [com.android.support:animated-vector-drawable:27.1.1] AndroidManifest.xml:17:1-22:12
MERGED from [com.android.support:support-core-ui:27.1.1] AndroidManifest.xml:17:1-22:12
MERGED from [com.android.support:support-core-utils:27.1.1] AndroidManifest.xml:17:1-22:12
MERGED from [com.android.support:support-vector-drawable:27.1.1] AndroidManifest.xml:17:1-22:12
MERGED from [com.android.support:support-media-compat:27.0.2] AndroidManifest.xml:17:1-22:12
MERGED from [com.android.support:support-compat:27.1.1] AndroidManifest.xml:17:1-22:12
MERGED from [android.arch.lifecycle:runtime:1.1.0] AndroidManifest.xml:17:1-22:12
MERGED from [android.arch.lifecycle:livedata-core:1.1.0] AndroidManifest.xml:17:1-22:12
MERGED from [android.arch.core:runtime:1.1.0] AndroidManifest.xml:17:1-22:12
MERGED from [android.arch.lifecycle:viewmodel:1.1.0] AndroidManifest.xml:17:1-22:12
INJECTED from src/main/AndroidManifest.xml:7:1-176:12
INJECTED from src/main/AndroidManifest.xml:7:1-176:12
INJECTED from src/main/AndroidManifest.xml:7:1-176:12
	package
		ADDED from src/main/AndroidManifest.xml:9:5-40
		INJECTED from src/main/AndroidManifest.xml
		INJECTED from src/main/AndroidManifest.xml
	android:versionName
		INJECTED from src/main/AndroidManifest.xml
		ADDED from src/main/AndroidManifest.xml:7:1-176:12
		INJECTED from src/main/AndroidManifest.xml
	xmlns:tools
		ADDED from src/main/AndroidManifest.xml:8:5-51
	android:versionCode
		INJECTED from src/main/AndroidManifest.xml
		ADDED from src/main/AndroidManifest.xml:7:1-176:12
		INJECTED from src/main/AndroidManifest.xml
	xmlns:android
		ADDED from src/main/AndroidManifest.xml:7:11-69
uses-permission#android.permission.INTERNET
ADDED from src/main/AndroidManifest.xml:11:5-67
MERGED from [com.twitter.sdk.android:tweet-ui:2.3.0] AndroidManifest.xml:25:5-67
MERGED from [com.twitter.sdk.android:tweet-ui:2.3.0] AndroidManifest.xml:25:5-67
MERGED from [com.google.firebase:firebase-analytics:11.0.2] AndroidManifest.xml:20:5-66
MERGED from [com.google.firebase:firebase-analytics:11.0.2] AndroidManifest.xml:20:5-66
MERGED from [com.google.firebase:firebase-analytics-impl:11.0.2] AndroidManifest.xml:20:5-66
MERGED from [com.google.firebase:firebase-analytics-impl:11.0.2] AndroidManifest.xml:20:5-66
MERGED from [com.google.firebase:firebase-iid:11.0.2] AndroidManifest.xml:20:5-66
MERGED from [com.google.firebase:firebase-iid:11.0.2] AndroidManifest.xml:20:5-66
MERGED from [com.twitter.sdk.android:tweet-composer:2.3.0] AndroidManifest.xml:25:5-67
MERGED from [com.twitter.sdk.android:tweet-composer:2.3.0] AndroidManifest.xml:25:5-67
MERGED from [com.twitter.sdk.android:twitter-core:2.3.0] AndroidManifest.xml:25:5-67
MERGED from [com.twitter.sdk.android:twitter-core:2.3.0] AndroidManifest.xml:25:5-67
MERGED from [io.fabric.sdk.android:fabric:1.3.14] AndroidManifest.xml:25:5-67
MERGED from [io.fabric.sdk.android:fabric:1.3.14] AndroidManifest.xml:25:5-67
	android:name
		ADDED from src/main/AndroidManifest.xml:11:22-64
uses-permission#android.permission.READ_CONTACTS
ADDED from src/main/AndroidManifest.xml:12:5-72
	android:name
		ADDED from src/main/AndroidManifest.xml:12:22-69
uses-permission#android.permission.WRITE_EXTERNAL_STORAGE
ADDED from src/main/AndroidManifest.xml:13:5-81
	android:name
		ADDED from src/main/AndroidManifest.xml:13:22-78
uses-permission#android.permission.READ_EXTERNAL_STORAGE
ADDED from src/main/AndroidManifest.xml:14:5-80
	android:name
		ADDED from src/main/AndroidManifest.xml:14:22-77
uses-permission#android.permission.ACCESS_NETWORK_STATE
ADDED from src/main/AndroidManifest.xml:15:5-79
MERGED from [com.google.firebase:firebase-analytics:11.0.2] AndroidManifest.xml:21:5-78
MERGED from [com.google.firebase:firebase-analytics:11.0.2] AndroidManifest.xml:21:5-78
MERGED from [com.google.firebase:firebase-analytics-impl:11.0.2] AndroidManifest.xml:21:5-78
MERGED from [com.google.firebase:firebase-analytics-impl:11.0.2] AndroidManifest.xml:21:5-78
MERGED from [com.google.firebase:firebase-iid:11.0.2] AndroidManifest.xml:19:5-78
MERGED from [com.google.firebase:firebase-iid:11.0.2] AndroidManifest.xml:19:5-78
	android:name
		ADDED from src/main/AndroidManifest.xml:15:22-76
uses-permission#android.permission.ACCESS_FINE_LOCATION
ADDED from src/main/AndroidManifest.xml:16:5-79
	android:name
		ADDED from src/main/AndroidManifest.xml:16:22-76
uses-permission#android.permission.ACCESS_COARSE_LOCATION
ADDED from src/main/AndroidManifest.xml:17:5-81
	android:name
		ADDED from src/main/AndroidManifest.xml:17:22-78
uses-feature#android.hardware.camera2
ADDED from src/main/AndroidManifest.xml:19:5-61
	android:name
		ADDED from src/main/AndroidManifest.xml:19:19-58
uses-feature#android.hardware.location.gps
ADDED from src/main/AndroidManifest.xml:20:5-66
	android:name
		ADDED from src/main/AndroidManifest.xml:20:19-63
application
ADDED from src/main/AndroidManifest.xml:22:5-174:19
MERGED from [com.twitter.sdk.android:twitter:2.3.0] AndroidManifest.xml:25:5-20
MERGED from [com.twitter.sdk.android:twitter:2.3.0] AndroidManifest.xml:25:5-20
MERGED from [com.google.android.gms:play-services-auth:11.0.2] AndroidManifest.xml:19:5-25:19
MERGED from [com.google.android.gms:play-services-auth:11.0.2] AndroidManifest.xml:19:5-25:19
MERGED from [com.android.support:design:26.0.0] AndroidManifest.xml:25:5-29:19
MERGED from [com.android.support:design:26.0.0] AndroidManifest.xml:25:5-29:19
MERGED from [com.hbb20:ccp:1.7.1] AndroidManifest.xml:11:5-15:19
MERGED from [com.hbb20:ccp:1.7.1] AndroidManifest.xml:11:5-15:19
MERGED from [com.github.badoualy:stepper-indicator:1.0.6] AndroidManifest.xml:12:5-20
MERGED from [com.github.badoualy:stepper-indicator:1.0.6] AndroidManifest.xml:12:5-20
MERGED from [com.facebook.android:facebook-android-sdk:4.42.0] AndroidManifest.xml:28:5-29:19
MERGED from [com.facebook.android:facebook-android-sdk:4.42.0] AndroidManifest.xml:28:5-29:19
MERGED from [com.facebook.android:facebook-login:4.42.0] AndroidManifest.xml:28:5-29:19
MERGED from [com.facebook.android:facebook-login:4.42.0] AndroidManifest.xml:28:5-29:19
MERGED from [com.facebook.android:facebook-share:4.42.0] AndroidManifest.xml:28:5-29:19
MERGED from [com.facebook.android:facebook-share:4.42.0] AndroidManifest.xml:28:5-29:19
MERGED from [com.facebook.android:facebook-common:4.42.0] AndroidManifest.xml:28:5-35:19
MERGED from [com.facebook.android:facebook-common:4.42.0] AndroidManifest.xml:28:5-35:19
MERGED from [com.github.f0ris.sweetalert:library:1.5.2] AndroidManifest.xml:11:5-20
MERGED from [com.github.f0ris.sweetalert:library:1.5.2] AndroidManifest.xml:11:5-20
MERGED from [com.pnikosis:materialish-progress:1.0] AndroidManifest.xml:11:5-15:19
MERGED from [com.pnikosis:materialish-progress:1.0] AndroidManifest.xml:11:5-15:19
MERGED from [com.android.support:recyclerview-v7:26.0.0] AndroidManifest.xml:22:5-26:19
MERGED from [com.android.support:recyclerview-v7:26.0.0] AndroidManifest.xml:22:5-26:19
MERGED from [com.twitter.sdk.android:tweet-ui:2.3.0] AndroidManifest.xml:27:5-35:19
MERGED from [com.twitter.sdk.android:tweet-ui:2.3.0] AndroidManifest.xml:27:5-35:19
MERGED from [com.google.firebase:firebase-messaging:11.0.2] AndroidManifest.xml:19:5-29:19
MERGED from [com.google.firebase:firebase-messaging:11.0.2] AndroidManifest.xml:19:5-29:19
MERGED from [com.google.firebase:firebase-auth:11.0.2] AndroidManifest.xml:19:5-20:19
MERGED from [com.google.firebase:firebase-auth:11.0.2] AndroidManifest.xml:19:5-20:19
MERGED from [com.google.android.gms:play-services-base:11.0.2] AndroidManifest.xml:18:5-20:19
MERGED from [com.google.android.gms:play-services-base:11.0.2] AndroidManifest.xml:18:5-20:19
MERGED from [com.google.firebase:firebase-core:11.0.2] AndroidManifest.xml:5:5-20
MERGED from [com.google.firebase:firebase-core:11.0.2] AndroidManifest.xml:5:5-20
MERGED from [com.google.firebase:firebase-analytics:11.0.2] AndroidManifest.xml:24:5-34:19
MERGED from [com.google.firebase:firebase-analytics:11.0.2] AndroidManifest.xml:24:5-34:19
MERGED from [com.google.firebase:firebase-analytics-impl:11.0.2] AndroidManifest.xml:24:5-28:19
MERGED from [com.google.firebase:firebase-analytics-impl:11.0.2] AndroidManifest.xml:24:5-28:19
MERGED from [com.google.firebase:firebase-iid:11.0.2] AndroidManifest.xml:28:5-49:19
MERGED from [com.google.firebase:firebase-iid:11.0.2] AndroidManifest.xml:28:5-49:19
MERGED from [com.google.firebase:firebase-common:11.0.2] AndroidManifest.xml:4:5-7:19
MERGED from [com.google.firebase:firebase-common:11.0.2] AndroidManifest.xml:4:5-7:19
MERGED from [com.google.android.gms:play-services-tasks:11.0.2] AndroidManifest.xml:4:5-19
MERGED from [com.google.android.gms:play-services-tasks:11.0.2] AndroidManifest.xml:4:5-19
MERGED from [com.google.android.gms:play-services-basement:11.0.2] AndroidManifest.xml:19:5-21:19
MERGED from [com.google.android.gms:play-services-basement:11.0.2] AndroidManifest.xml:19:5-21:19
MERGED from [com.android.support:transition:26.0.0] AndroidManifest.xml:22:5-26:19
MERGED from [com.android.support:transition:26.0.0] AndroidManifest.xml:22:5-26:19
MERGED from [com.android.support:palette-v7:23.4.0] AndroidManifest.xml:22:5-23:19
MERGED from [com.android.support:palette-v7:23.4.0] AndroidManifest.xml:22:5-23:19
MERGED from [com.twitter.sdk.android:tweet-composer:2.3.0] AndroidManifest.xml:27:5-37:19
MERGED from [com.twitter.sdk.android:tweet-composer:2.3.0] AndroidManifest.xml:27:5-37:19
MERGED from [com.android.support.constraint:constraint-layout:1.0.2] AndroidManifest.xml:9:5-20
MERGED from [com.android.support.constraint:constraint-layout:1.0.2] AndroidManifest.xml:9:5-20
MERGED from [com.twitter.sdk.android:twitter-core:2.3.0] AndroidManifest.xml:27:5-40:19
MERGED from [com.twitter.sdk.android:twitter-core:2.3.0] AndroidManifest.xml:27:5-40:19
MERGED from [io.fabric.sdk.android:fabric:1.3.14] AndroidManifest.xml:27:5-20
MERGED from [io.fabric.sdk.android:fabric:1.3.14] AndroidManifest.xml:27:5-20
MERGED from [com.facebook.android:facebook-places:4.42.0] AndroidManifest.xml:28:5-29:19
MERGED from [com.facebook.android:facebook-places:4.42.0] AndroidManifest.xml:28:5-29:19
MERGED from [com.facebook.android:facebook-applinks:4.42.0] AndroidManifest.xml:28:5-29:19
MERGED from [com.facebook.android:facebook-applinks:4.42.0] AndroidManifest.xml:28:5-29:19
MERGED from [com.facebook.android:facebook-messenger:4.42.0] AndroidManifest.xml:28:5-29:19
MERGED from [com.facebook.android:facebook-messenger:4.42.0] AndroidManifest.xml:28:5-29:19
MERGED from [com.facebook.android:facebook-core:4.42.0] AndroidManifest.xml:28:5-51:19
MERGED from [com.facebook.android:facebook-core:4.42.0] AndroidManifest.xml:28:5-51:19
	android:supportsRtl
		ADDED from src/main/AndroidManifest.xml:27:9-35
	android:label
		ADDED from src/main/AndroidManifest.xml:26:9-41
	android:icon
		ADDED from src/main/AndroidManifest.xml:25:9-43
		REJECTED from [com.pnikosis:materialish-progress:1.0] AndroidManifest.xml:13:9-45
	android:allowBackup
		ADDED from src/main/AndroidManifest.xml:24:9-36
		REJECTED from [com.hbb20:ccp:1.7.1] AndroidManifest.xml:12:9-35
		REJECTED from [com.pnikosis:materialish-progress:1.0] AndroidManifest.xml:12:9-35
	android:theme
		ADDED from src/main/AndroidManifest.xml:28:9-40
	tools:replace
		ADDED from src/main/AndroidManifest.xml:29:9-57
	android:name
		ADDED from src/main/AndroidManifest.xml:23:9-46
activity#com.connect.infixd.mobile.SignupProcess.LauncherActivity
ADDED from src/main/AndroidManifest.xml:30:9-36:20
	android:name
		ADDED from src/main/AndroidManifest.xml:30:19-65
intent-filter#android.intent.action.MAIN+android.intent.category.LAUNCHER
ADDED from src/main/AndroidManifest.xml:31:13-35:29
action#android.intent.action.MAIN
ADDED from src/main/AndroidManifest.xml:32:17-69
	android:name
		ADDED from src/main/AndroidManifest.xml:32:25-66
category#android.intent.category.LAUNCHER
ADDED from src/main/AndroidManifest.xml:34:17-77
	android:name
		ADDED from src/main/AndroidManifest.xml:34:27-74
activity#com.connect.infixd.mobile.SignupProcess.SignupProcessActivity
ADDED from src/main/AndroidManifest.xml:37:9-73
	android:name
		ADDED from src/main/AndroidManifest.xml:37:19-70
activity#com.facebook.FacebookActivity
ADDED from src/main/AndroidManifest.xml:38:9-41:48
MERGED from [com.facebook.android:facebook-common:4.42.0] AndroidManifest.xml:29:9-32:66
MERGED from [com.facebook.android:facebook-common:4.42.0] AndroidManifest.xml:29:9-32:66
	android:label
		ADDED from src/main/AndroidManifest.xml:41:13-45
	android:configChanges
		ADDED from src/main/AndroidManifest.xml:40:13-96
	android:theme
		ADDED from [com.facebook.android:facebook-common:4.42.0] AndroidManifest.xml:32:13-63
	android:name
		ADDED from src/main/AndroidManifest.xml:39:13-57
activity#com.connect.infixd.mobile.SignupProcess.FacebookLoginActivity
ADDED from src/main/AndroidManifest.xml:42:9-45:47
	android:label
		ADDED from src/main/AndroidManifest.xml:44:13-66
	android:theme
		ADDED from src/main/AndroidManifest.xml:45:13-44
	android:name
		ADDED from src/main/AndroidManifest.xml:43:13-64
activity#com.connect.infixd.mobile.SignupProcess.TwitterLoginActivity
ADDED from src/main/AndroidManifest.xml:46:9-49:47
	android:label
		ADDED from src/main/AndroidManifest.xml:48:13-65
	android:theme
		ADDED from src/main/AndroidManifest.xml:49:13-44
	android:name
		ADDED from src/main/AndroidManifest.xml:47:13-63
activity#com.facebook.CustomTabActivity
ADDED from src/main/AndroidManifest.xml:50:9-61:20
MERGED from [com.facebook.android:facebook-common:4.42.0] AndroidManifest.xml:34:9-67
MERGED from [com.facebook.android:facebook-common:4.42.0] AndroidManifest.xml:34:9-67
	android:exported
		ADDED from src/main/AndroidManifest.xml:52:13-36
	android:name
		ADDED from src/main/AndroidManifest.xml:51:13-58
intent-filter#android.intent.action.VIEW+android.intent.category.BROWSABLE+android.intent.category.DEFAULT
ADDED from src/main/AndroidManifest.xml:53:13-60:29
action#android.intent.action.VIEW
ADDED from src/main/AndroidManifest.xml:54:17-69
	android:name
		ADDED from src/main/AndroidManifest.xml:54:25-66
category#android.intent.category.DEFAULT
ADDED from src/main/AndroidManifest.xml:56:17-76
	android:name
		ADDED from src/main/AndroidManifest.xml:56:27-73
category#android.intent.category.BROWSABLE
ADDED from src/main/AndroidManifest.xml:57:17-78
	android:name
		ADDED from src/main/AndroidManifest.xml:57:27-75
data
ADDED from src/main/AndroidManifest.xml:59:17-75
	android:scheme
		ADDED from src/main/AndroidManifest.xml:59:23-72
service#com.connect.infixd.mobile.Services.InfixdFirebaseMessagingService
ADDED from src/main/AndroidManifest.xml:63:9-67:19
	android:name
		ADDED from src/main/AndroidManifest.xml:63:18-73
intent-filter#com.google.firebase.MESSAGING_EVENT
ADDED from src/main/AndroidManifest.xml:64:13-66:29
action#com.google.firebase.MESSAGING_EVENT
ADDED from src/main/AndroidManifest.xml:65:17-78
	android:name
		ADDED from src/main/AndroidManifest.xml:65:25-75
service#com.connect.infixd.mobile.Services.InfixdFirebaseInstanceIDService
ADDED from src/main/AndroidManifest.xml:68:9-72:19
	android:name
		ADDED from src/main/AndroidManifest.xml:68:18-74
intent-filter#com.google.firebase.INSTANCE_ID_EVENT
ADDED from src/main/AndroidManifest.xml:69:13-71:29
action#com.google.firebase.INSTANCE_ID_EVENT
ADDED from src/main/AndroidManifest.xml:70:17-80
	android:name
		ADDED from src/main/AndroidManifest.xml:70:25-77
service#com.connect.infixd.mobile.Services.RecentChatNotificationService
ADDED from src/main/AndroidManifest.xml:75:9-77:46
	android:enabled
		ADDED from src/main/AndroidManifest.xml:77:13-35
	android:name
		ADDED from src/main/AndroidManifest.xml:76:13-67
service#com.connect.infixd.mobile.intentservices.UserIntentService
ADDED from src/main/AndroidManifest.xml:80:9-82:40
	android:exported
		ADDED from src/main/AndroidManifest.xml:82:13-37
	android:name
		ADDED from src/main/AndroidManifest.xml:81:13-61
service#com.connect.infixd.mobile.intentservices.FriendIntentService
ADDED from src/main/AndroidManifest.xml:83:9-85:40
	android:exported
		ADDED from src/main/AndroidManifest.xml:85:13-37
	android:name
		ADDED from src/main/AndroidManifest.xml:84:13-63
service#com.connect.infixd.mobile.intentservices.NotificationIntentService
ADDED from src/main/AndroidManifest.xml:86:9-88:40
	android:exported
		ADDED from src/main/AndroidManifest.xml:88:13-37
	android:name
		ADDED from src/main/AndroidManifest.xml:87:13-69
service#com.connect.infixd.mobile.Services.InfixdUploadService
ADDED from src/main/AndroidManifest.xml:89:9-91:40
	android:exported
		ADDED from src/main/AndroidManifest.xml:91:13-37
	android:name
		ADDED from src/main/AndroidManifest.xml:90:13-57
service#com.connect.infixd.mobile.Services.InfixdDownloadService
ADDED from src/main/AndroidManifest.xml:92:9-94:40
	android:exported
		ADDED from src/main/AndroidManifest.xml:94:13-37
	android:name
		ADDED from src/main/AndroidManifest.xml:93:13-59
receiver#com.connect.infixd.mobile.Services.RecentChatBroadcastReceiver
ADDED from src/main/AndroidManifest.xml:96:9-104:20
	android:enabled
		ADDED from src/main/AndroidManifest.xml:98:13-35
	android:label
		ADDED from src/main/AndroidManifest.xml:100:13-64
	android:exported
		ADDED from src/main/AndroidManifest.xml:99:13-36
	android:name
		ADDED from src/main/AndroidManifest.xml:97:13-65
intent-filter#RecentChatNotificationService.RestartService
ADDED from src/main/AndroidManifest.xml:101:13-103:29
action#RecentChatNotificationService.RestartService
ADDED from src/main/AndroidManifest.xml:102:17-87
	android:name
		ADDED from src/main/AndroidManifest.xml:102:25-84
meta-data#com.google.firebase.messaging.default_notification_color
ADDED from src/main/AndroidManifest.xml:106:9-108:53
	android:resource
		ADDED from src/main/AndroidManifest.xml:108:13-50
	android:name
		ADDED from src/main/AndroidManifest.xml:107:13-84
meta-data#com.google.firebase.messaging.default_notification_icon
ADDED from src/main/AndroidManifest.xml:109:9-111:57
	android:resource
		ADDED from src/main/AndroidManifest.xml:111:13-54
	android:name
		ADDED from src/main/AndroidManifest.xml:110:13-83
meta-data#com.facebook.sdk.ApplicationId
ADDED from src/main/AndroidManifest.xml:112:9-114:55
	android:value
		ADDED from src/main/AndroidManifest.xml:114:13-52
	android:name
		ADDED from src/main/AndroidManifest.xml:113:13-58
activity#com.connect.infixd.mobile.SignupProcess.RegisterPage
ADDED from src/main/AndroidManifest.xml:116:9-118:63
	android:windowSoftInputMode
		ADDED from src/main/AndroidManifest.xml:118:13-60
	android:name
		ADDED from src/main/AndroidManifest.xml:117:13-55
activity#com.connect.infixd.mobile.Search.InfixdSearchActivity
ADDED from src/main/AndroidManifest.xml:119:9-65
	android:name
		ADDED from src/main/AndroidManifest.xml:119:19-62
activity#com.connect.infixd.mobile.Groups.AddGroupActivity
ADDED from src/main/AndroidManifest.xml:120:9-61
	android:name
		ADDED from src/main/AndroidManifest.xml:120:19-58
activity#com.connect.infixd.mobile.User.UserProfileForFriends
ADDED from src/main/AndroidManifest.xml:121:9-64
	android:name
		ADDED from src/main/AndroidManifest.xml:121:19-61
activity#com.connect.infixd.mobile.User.UserProfileForNotFriends
ADDED from src/main/AndroidManifest.xml:122:9-67
	android:name
		ADDED from src/main/AndroidManifest.xml:122:19-64
activity#com.connect.infixd.mobile.User.UserProfileEditDialog
ADDED from src/main/AndroidManifest.xml:123:9-125:73
	android:theme
		ADDED from src/main/AndroidManifest.xml:125:13-70
	android:name
		ADDED from src/main/AndroidManifest.xml:124:13-55
activity#com.connect.infixd.mobile.User.UserProfile
ADDED from src/main/AndroidManifest.xml:126:9-54
	android:name
		ADDED from src/main/AndroidManifest.xml:126:19-51
activity#com.connect.infixd.mobile.SignupProcess.GoogleLoginActivity
ADDED from src/main/AndroidManifest.xml:127:9-130:47
	android:label
		ADDED from src/main/AndroidManifest.xml:129:13-64
	android:theme
		ADDED from src/main/AndroidManifest.xml:130:13-44
	android:name
		ADDED from src/main/AndroidManifest.xml:128:13-62
activity#com.theartofdev.edmodo.cropper.CropImageActivity
ADDED from src/main/AndroidManifest.xml:131:9-133:59
	android:theme
		ADDED from src/main/AndroidManifest.xml:133:13-56
	android:name
		ADDED from src/main/AndroidManifest.xml:132:13-76
activity#com.connect.infixd.mobile.Post.NewPostActivity
ADDED from src/main/AndroidManifest.xml:134:9-136:58
	android:windowSoftInputMode
		ADDED from src/main/AndroidManifest.xml:136:13-55
	android:name
		ADDED from src/main/AndroidManifest.xml:135:13-49
activity#com.connect.infixd.mobile.Functions.CropImageActivity
ADDED from src/main/AndroidManifest.xml:137:9-65
	android:name
		ADDED from src/main/AndroidManifest.xml:137:19-62
activity#com.connect.infixd.mobile.Chat.ChatActivity
ADDED from src/main/AndroidManifest.xml:138:9-140:58
	android:windowSoftInputMode
		ADDED from src/main/AndroidManifest.xml:140:13-55
	android:name
		ADDED from src/main/AndroidManifest.xml:139:13-46
activity#com.connect.infixd.mobile.UserHome.UserHomeActivity
ADDED from src/main/AndroidManifest.xml:141:9-144:47
	android:label
		ADDED from src/main/AndroidManifest.xml:143:13-61
	android:theme
		ADDED from src/main/AndroidManifest.xml:144:13-44
	android:name
		ADDED from src/main/AndroidManifest.xml:142:13-54
activity#com.connect.infixd.mobile.NearSearch.NearSearchActivity
ADDED from src/main/AndroidManifest.xml:145:9-147:59
	android:windowSoftInputMode
		ADDED from src/main/AndroidManifest.xml:147:13-56
	android:name
		ADDED from src/main/AndroidManifest.xml:146:13-58
activity#com.connect.infixd.mobile.Post.ShareAlertDialog
ADDED from src/main/AndroidManifest.xml:148:9-150:73
	android:theme
		ADDED from src/main/AndroidManifest.xml:150:13-70
	android:name
		ADDED from src/main/AndroidManifest.xml:149:13-50
activity#com.connect.infixd.mobile.Introduction.IntroductionPathActivity
ADDED from src/main/AndroidManifest.xml:151:9-75
	android:name
		ADDED from src/main/AndroidManifest.xml:151:19-72
activity#com.connect.infixd.mobile.Search.SearchContactsActivity
ADDED from src/main/AndroidManifest.xml:152:9-154:47
	android:theme
		ADDED from src/main/AndroidManifest.xml:154:13-44
	android:name
		ADDED from src/main/AndroidManifest.xml:153:13-58
activity#com.connect.infixd.mobile.Groups.GroupMembersInfoActivity
ADDED from src/main/AndroidManifest.xml:155:9-69
	android:name
		ADDED from src/main/AndroidManifest.xml:155:19-66
activity#com.connect.infixd.mobile.Groups.GroupAdminActivity
ADDED from src/main/AndroidManifest.xml:156:9-63
	android:name
		ADDED from src/main/AndroidManifest.xml:156:19-60
activity#com.connect.infixd.mobile.Groups.SubscribedMemberActivity
ADDED from src/main/AndroidManifest.xml:157:9-69
	android:name
		ADDED from src/main/AndroidManifest.xml:157:19-66
activity#com.connect.infixd.mobile.Groups.GroupMembersActivity
ADDED from src/main/AndroidManifest.xml:158:9-65
	android:name
		ADDED from src/main/AndroidManifest.xml:158:19-62
activity#com.connect.infixd.mobile.Search.SearchGroupMembersActivity
ADDED from src/main/AndroidManifest.xml:159:9-71
	android:name
		ADDED from src/main/AndroidManifest.xml:159:19-68
activity#com.connect.infixd.mobile.Search.SearchGroupActivity
ADDED from src/main/AndroidManifest.xml:160:9-64
	android:name
		ADDED from src/main/AndroidManifest.xml:160:19-61
activity#com.connect.infixd.mobile.Groups.GroupPublicProfileActivity
ADDED from src/main/AndroidManifest.xml:161:9-71
	android:name
		ADDED from src/main/AndroidManifest.xml:161:19-68
activity#com.connect.infixd.mobile.Groups.AdminRequestActivity
ADDED from src/main/AndroidManifest.xml:162:9-65
	android:name
		ADDED from src/main/AndroidManifest.xml:162:19-62
activity#com.connect.infixd.mobile.Currents.ReactedUsersActivity
ADDED from src/main/AndroidManifest.xml:163:9-67
	android:name
		ADDED from src/main/AndroidManifest.xml:163:19-64
activity#com.connect.infixd.mobile.Functions.CropProfilePictureActivity
ADDED from src/main/AndroidManifest.xml:164:9-74
	android:name
		ADDED from src/main/AndroidManifest.xml:164:19-71
activity#com.connect.infixd.mobile.Functions.ImageViewerActivity
ADDED from src/main/AndroidManifest.xml:165:9-169:54
	android:label
		ADDED from src/main/AndroidManifest.xml:168:13-64
	android:configChanges
		ADDED from src/main/AndroidManifest.xml:167:13-74
	android:theme
		ADDED from src/main/AndroidManifest.xml:169:13-51
	android:name
		ADDED from src/main/AndroidManifest.xml:166:13-58
activity#com.connect.infixd.mobile.UserHome.AddUserAlertDialog
ADDED from src/main/AndroidManifest.xml:171:9-173:57
	android:windowSoftInputMode
		ADDED from src/main/AndroidManifest.xml:173:13-55
	android:theme
		ADDED from src/main/AndroidManifest.xml:172:13-70
	android:name
		ADDED from src/main/AndroidManifest.xml:171:19-62
uses-sdk
INJECTED from src/main/AndroidManifest.xml reason: use-sdk injection requested
INJECTED from src/main/AndroidManifest.xml
INJECTED from src/main/AndroidManifest.xml
MERGED from [com.twitter.sdk.android:twitter:2.3.0] AndroidManifest.xml:23:5-44
MERGED from [com.twitter.sdk.android:twitter:2.3.0] AndroidManifest.xml:23:5-44
MERGED from [com.google.android.gms:play-services-auth:11.0.2] AndroidManifest.xml:17:5-43